<?xml version="1.0" encoding="UTF-8"?>
<!-- Generated by org.testng.reporters.JUnitReportReporter -->
<testsuite skipped="0" hostname="D20" name="APIClientTest" tests="3" failures="0" timestamp="19 апр 2019 13:34:24 GMT" time="3.149" errors="0">
  <testcase name="createClientTest" time="1.869" classname="APIClientTest"/>
  <testcase name="getClientByIdTest" time="0.303" classname="APIClientTest"/>
  <testcase name="updateClientTest" time="0.977" classname="APIClientTest"/>
</testsuite> <!-- APIClientTest -->
