<?xml version="1.0" encoding="UTF-8"?>
<!-- Generated by org.testng.reporters.JUnitReportReporter -->
<testsuite skipped="0" hostname="D20" name="APIClientTest" tests="3" failures="0" timestamp="19 апр 2019 13:09:37 GMT" time="5.649" errors="0">
  <testcase name="getClientByIdTest" time="1.062" classname="APIClientTest"/>
  <testcase name="createClientTest" time="2.209" classname="APIClientTest"/>
  <testcase name="updateClientTest" time="2.378" classname="APIClientTest"/>
</testsuite> <!-- APIClientTest -->
